# JRE version: Java(TM) SE Runtime Environment (21.0.2+13) (build 21.0.2+13-LTS-58)
# Java VM: Java HotSpot(TM) 64-Bit Server VM (21.0.2+13-LTS-58, mixed mode, emulated-client, sharing, tiered, compressed oops, compressed class ptrs, g1 gc, windows-amd64)
GC Precious Log:
 CardTable entry size: 512
 Card Set container configuration: InlinePtr #cards 5 size 8 Array Of Cards #cards 12 size 40 Howl #buckets 4 coarsen threshold 1843 Howl Bitmap #cards 512 size 80 coarsen threshold 460 Card regions per heap region 1 cards per card region 2048
 CPUs: 8 total, 8 available
 Memory: 7976M
 Large Page Support: Disabled
 NUMA Support: Disabled
 Compressed Oops: Enabled (32-bit)
 Heap Region Size: 1M
 Heap Min Capacity: 8M
 Heap Initial Capacity: 126M
 Heap Max Capacity: 1996M
 Pre-touch: Disabled
 Parallel Workers: 8
 Concurrent Workers: 2
 Concurrent Refinement Workers: 8
 Periodic GC: Disabled
Heap:
 garbage-first heap   total 66560K, used 43507K [0x0000000083400000, 0x0000000100000000)
  region size 1024K, 23 young (23552K), 2 survivors (2048K)
 Metaspace       used 54167K, committed 54784K, reserved 1114112K
  class space    used 7736K, committed 8000K, reserved 1048576K
GC Heap History (18 events):
Event: 0.828 GC heap before
{Heap before GC invocations=0 (full 0):
 garbage-first heap   total 129024K, used 23552K [0x0000000083400000, 0x0000000100000000)
  region size 1024K, 23 young (23552K), 0 survivors (0K)
 Metaspace       used 5715K, committed 5888K, reserved 1114112K
  class space    used 766K, committed 832K, reserved 1048576K
}
Event: 0.835 GC heap after
{Heap after GC invocations=1 (full 0):
 garbage-first heap   total 129024K, used 7338K [0x0000000083400000, 0x0000000100000000)
  region size 1024K, 3 young (3072K), 3 survivors (3072K)
 Metaspace       used 5715K, committed 5888K, reserved 1114112K
  class space    used 766K, committed 832K, reserved 1048576K
}
Event: 1.288 GC heap before
{Heap before GC invocations=1 (full 0):
 garbage-first heap   total 129024K, used 34986K [0x0000000083400000, 0x0000000100000000)
  region size 1024K, 31 young (31744K), 3 survivors (3072K)
 Metaspace       used 12702K, committed 12992K, reserved 1114112K
  class space    used 1666K, committed 1792K, reserved 1048576K
}
Event: 1.294 GC heap after
{Heap after GC invocations=2 (full 0):
 garbage-first heap   total 129024K, used 9812K [0x0000000083400000, 0x0000000100000000)
  region size 1024K, 3 young (3072K), 3 survivors (3072K)
 Metaspace       used 12702K, committed 12992K, reserved 1114112K
  class space    used 1666K, committed 1792K, reserved 1048576K
}
Event: 2.058 GC heap before
{Heap before GC invocations=2 (full 0):
 garbage-first heap   total 129024K, used 47700K [0x0000000083400000, 0x0000000100000000)
  region size 1024K, 42 young (43008K), 3 survivors (3072K)
 Metaspace       used 17741K, committed 18112K, reserved 1114112K
  class space    used 2374K, committed 2560K, reserved 1048576K
}
Event: 2.067 GC heap after
{Heap after GC invocations=3 (full 0):
 garbage-first heap   total 129024K, used 13798K [0x0000000083400000, 0x0000000100000000)
  region size 1024K, 7 young (7168K), 7 survivors (7168K)
 Metaspace       used 17741K, committed 18112K, reserved 1114112K
  class space    used 2374K, committed 2560K, reserved 1048576K
}
Event: 2.674 GC heap before
{Heap before GC invocations=4 (full 0):
 garbage-first heap   total 55296K, used 39398K [0x0000000083400000, 0x0000000100000000)
  region size 1024K, 32 young (32768K), 7 survivors (7168K)
 Metaspace       used 21502K, committed 21888K, reserved 1114112K
  class space    used 2914K, committed 3072K, reserved 1048576K
}
Event: 2.687 GC heap after
{Heap after GC invocations=5 (full 0):
 garbage-first heap   total 55296K, used 15773K [0x0000000083400000, 0x0000000100000000)
  region size 1024K, 3 young (3072K), 3 survivors (3072K)
 Metaspace       used 21502K, committed 21888K, reserved 1114112K
  class space    used 2914K, committed 3072K, reserved 1048576K
}
Event: 3.301 GC heap before
{Heap before GC invocations=5 (full 0):
 garbage-first heap   total 55296K, used 41373K [0x0000000083400000, 0x0000000100000000)
  region size 1024K, 28 young (28672K), 3 survivors (3072K)
 Metaspace       used 26345K, committed 26816K, reserved 1114112K
  class space    used 3602K, committed 3776K, reserved 1048576K
}
Event: 3.309 GC heap after
{Heap after GC invocations=6 (full 0):
 garbage-first heap   total 55296K, used 17829K [0x0000000083400000, 0x0000000100000000)
  region size 1024K, 4 young (4096K), 4 survivors (4096K)
 Metaspace       used 26345K, committed 26816K, reserved 1114112K
  class space    used 3602K, committed 3776K, reserved 1048576K
}
Event: 3.681 GC heap before
{Heap before GC invocations=6 (full 0):
 garbage-first heap   total 55296K, used 36261K [0x0000000083400000, 0x0000000100000000)
  region size 1024K, 23 young (23552K), 4 survivors (4096K)
 Metaspace       used 29717K, committed 30208K, reserved 1114112K
  class space    used 4088K, committed 4288K, reserved 1048576K
}
Event: 3.685 GC heap after
{Heap after GC invocations=7 (full 0):
 garbage-first heap   total 66560K, used 19439K [0x0000000083400000, 0x0000000100000000)
  region size 1024K, 2 young (2048K), 2 survivors (2048K)
 Metaspace       used 29717K, committed 30208K, reserved 1114112K
  class space    used 4088K, committed 4288K, reserved 1048576K
}
Event: 4.822 GC heap before
{Heap before GC invocations=8 (full 0):
 garbage-first heap   total 66560K, used 54255K [0x0000000083400000, 0x0000000100000000)
  region size 1024K, 36 young (36864K), 2 survivors (2048K)
 Metaspace       used 39754K, committed 40320K, reserved 1114112K
  class space    used 5520K, committed 5760K, reserved 1048576K
}
Event: 4.826 GC heap after
{Heap after GC invocations=9 (full 0):
 garbage-first heap   total 66560K, used 21563K [0x0000000083400000, 0x0000000100000000)
  region size 1024K, 4 young (4096K), 4 survivors (4096K)
 Metaspace       used 39754K, committed 40320K, reserved 1114112K
  class space    used 5520K, committed 5760K, reserved 1048576K
}
Event: 5.616 GC heap before
{Heap before GC invocations=9 (full 0):
 garbage-first heap   total 66560K, used 55355K [0x0000000083400000, 0x0000000100000000)
  region size 1024K, 37 young (37888K), 4 survivors (4096K)
 Metaspace       used 49156K, committed 49792K, reserved 1114112K
  class space    used 6990K, committed 7296K, reserved 1048576K
}
Event: 5.622 GC heap after
{Heap after GC invocations=10 (full 0):
 garbage-first heap   total 66560K, used 23059K [0x0000000083400000, 0x0000000100000000)
  region size 1024K, 5 young (5120K), 5 survivors (5120K)
 Metaspace       used 49156K, committed 49792K, reserved 1114112K
  class space    used 6990K, committed 7296K, reserved 1048576K
}
Event: 5.695 GC heap before
{Heap before GC invocations=10 (full 0):
 garbage-first heap   total 66560K, used 26131K [0x0000000083400000, 0x0000000100000000)
  region size 1024K, 9 young (9216K), 5 survivors (5120K)
 Metaspace       used 50199K, committed 50816K, reserved 1114112K
  class space    used 7140K, committed 7424K, reserved 1048576K
}
Event: 5.698 GC heap after
{Heap after GC invocations=11 (full 0):
 garbage-first heap   total 66560K, used 23027K [0x0000000083400000, 0x0000000100000000)
  region size 1024K, 2 young (2048K), 2 survivors (2048K)
 Metaspace       used 50199K, committed 50816K, reserved 1114112K
  class space    used 7140K, committed 7424K, reserved 1048576K
}

